2026-03-10 07:47:04,951 - __main__ - INFO - Starting Shopify ETL pipeline
2026-03-10 07:47:04,951 - __main__ - INFO - Step 1: Fetching Shopify product data
2026-03-10 07:47:05,767 - extract.shopify_client - INFO - Successfully fetched products from Shopify
2026-03-10 07:47:05,768 - __main__ - INFO - 17 products retrieved
2026-03-10 07:47:05,768 - __main__ - INFO - Step 2: Preparing database
2026-03-10 07:47:05,843 - load.mysql_loader - INFO - Database shopifystore ready
2026-03-10 07:47:05,909 - load.mysql_loader - INFO - All tables ready
2026-03-10 07:47:05,909 - __main__ - INFO - Step 3: Storing raw API response
2026-03-10 07:47:05,915 - load.mysql_loader - INFO - Raw data inserted
2026-03-10 07:47:05,922 - load.mysql_loader - INFO - Raw data inserted
2026-03-10 07:47:05,928 - load.mysql_loader - INFO - Raw data inserted
2026-03-10 07:47:05,935 - load.mysql_loader - INFO - Raw data inserted
2026-03-10 07:47:05,939 - load.mysql_loader - INFO - Raw data inserted
2026-03-10 07:47:05,944 - load.mysql_loader - INFO - Raw data inserted
2026-03-10 07:47:05,948 - load.mysql_loader - INFO - Raw data inserted
2026-03-10 07:47:05,954 - load.mysql_loader - INFO - Raw data inserted
2026-03-10 07:47:05,957 - load.mysql_loader - INFO - Raw data inserted
2026-03-10 07:47:05,963 - load.mysql_loader - INFO - Raw data inserted
2026-03-10 07:47:05,966 - load.mysql_loader - INFO - Raw data inserted
2026-03-10 07:47:05,972 - load.mysql_loader - INFO - Raw data inserted
2026-03-10 07:47:05,976 - load.mysql_loader - INFO - Raw data inserted
2026-03-10 07:47:05,980 - load.mysql_loader - INFO - Raw data inserted
2026-03-10 07:47:05,983 - load.mysql_loader - INFO - Raw data inserted
2026-03-10 07:47:05,989 - load.mysql_loader - INFO - Raw data inserted
2026-03-10 07:47:05,993 - load.mysql_loader - INFO - Raw data inserted
2026-03-10 07:47:05,993 - __main__ - INFO - Step 4: Transforming product data
2026-03-10 07:47:05,993 - transform.product_transformer - INFO - Starting product transformation
2026-03-10 07:47:28,791 - transform.product_transformer - INFO - Transformation complete: 26 rows created
2026-03-10 07:47:28,791 - __main__ - INFO - 26 staging rows generated
2026-03-10 07:47:28,791 - __main__ - INFO - Step 5: Loading staging table
2026-03-10 07:47:28,801 - load.mysql_loader - INFO - 26 rows inserted into staging
2026-03-10 07:47:28,801 - __main__ - INFO - Step 6: Loading final products table
2026-03-10 07:47:28,813 - load.mysql_loader - INFO - 26 rows inserted
2026-03-10 07:47:28,813 - __main__ - INFO - Pipeline completed successfully
2026-03-15 14:32:18,153 - __main__ - INFO - 

2026-03-15 14:32:18,154 - __main__ - INFO - Starting Shopify ETL pipeline
2026-03-15 14:32:18,154 - __main__ - INFO - Step 1: Fetching Shopify product data
2026-03-15 14:32:23,318 - extract.shopify_client - INFO - Successfully fetched products from Shopify
2026-03-15 14:32:23,319 - __main__ - INFO - 17 products retrieved
2026-03-15 14:32:23,319 - __main__ - INFO - Step 2: Preparing database
2026-03-15 14:32:23,587 - __main__ - ERROR - Pipeline failed: 1045 (28000): Access denied for user 'root'@'localhost' (using password: YES)
2026-03-15 14:38:36,701 - __main__ - INFO - 

2026-03-15 14:38:36,701 - __main__ - INFO - Starting Shopify ETL pipeline
2026-03-15 14:38:36,702 - __main__ - INFO - Step 1: Fetching Shopify product data
2026-03-15 14:38:40,443 - extract.shopify_client - INFO - Successfully fetched products from Shopify
2026-03-15 14:38:40,446 - __main__ - INFO - 17 products retrieved
2026-03-15 14:38:40,446 - __main__ - INFO - Step 2: Preparing database
2026-03-15 14:38:40,641 - load.mysql_loader - INFO - Database shopifystore ready
2026-03-15 14:38:40,703 - load.mysql_loader - INFO - All tables ready
2026-03-15 14:38:40,703 - __main__ - INFO - Step 3: Storing raw API response
2026-03-15 14:38:40,716 - load.mysql_loader - INFO - Raw data inserted
2026-03-15 14:38:40,723 - load.mysql_loader - INFO - Raw data inserted
2026-03-15 14:38:40,728 - load.mysql_loader - INFO - Raw data inserted
2026-03-15 14:38:40,732 - load.mysql_loader - INFO - Raw data inserted
2026-03-15 14:38:40,735 - load.mysql_loader - INFO - Raw data inserted
2026-03-15 14:38:40,740 - load.mysql_loader - INFO - Raw data inserted
2026-03-15 14:38:40,745 - load.mysql_loader - INFO - Raw data inserted
2026-03-15 14:38:40,751 - load.mysql_loader - INFO - Raw data inserted
2026-03-15 14:38:40,755 - load.mysql_loader - INFO - Raw data inserted
2026-03-15 14:38:40,759 - load.mysql_loader - INFO - Raw data inserted
2026-03-15 14:38:40,765 - load.mysql_loader - INFO - Raw data inserted
2026-03-15 14:38:40,772 - load.mysql_loader - INFO - Raw data inserted
2026-03-15 14:38:40,775 - load.mysql_loader - INFO - Raw data inserted
2026-03-15 14:38:40,779 - load.mysql_loader - INFO - Raw data inserted
2026-03-15 14:38:40,784 - load.mysql_loader - INFO - Raw data inserted
2026-03-15 14:38:40,789 - load.mysql_loader - INFO - Raw data inserted
2026-03-15 14:38:40,793 - load.mysql_loader - INFO - Raw data inserted
2026-03-15 14:38:40,793 - __main__ - INFO - Step 4: Transforming product data
2026-03-15 14:38:40,793 - transform.product_transformer - INFO - Starting product transformation
2026-03-15 14:39:31,218 - __main__ - INFO - 
